<?xml version="1.0" encoding="UTF-8"?>
<!-- Generated by org.testng.reporters.JUnitReportReporter -->
<testsuite hostname="DESKTOP-5ENMIH9" name="com.myapp.myapp.Tests" tests="5" failures="0" timestamp="8 Jan 2020 03:27:34 GMT" time="11.751" errors="0">
  <testcase name="verifytshirt" time="2.230" classname="com.myapp.myapp.Tests"/>
  <testcase name="verifywomen" time="3.540" classname="com.myapp.myapp.Tests"/>
  <testcase name="verifynl" time="4.526" classname="com.myapp.myapp.Tests"/>
  <testcase name="verifydress" time="1.251" classname="com.myapp.myapp.Tests"/>
  <testcase name="verifytabs" time="0.204" classname="com.myapp.myapp.Tests"/>
</testsuite> <!-- com.myapp.myapp.Tests -->
