<?xml version="1.0" encoding="UTF-8"?>
<!-- Generated by org.testng.reporters.JUnitReportReporter -->
<testsuite hostname="DESKTOP-5ENMIH9" name="com.myapp.myapp.Dresstest" tests="2" failures="0" timestamp="8 Jan 2020 03:27:34 GMT" time="16.302" errors="0">
  <testcase name="verifycheckbox" time="5.413" classname="com.myapp.myapp.Dresstest"/>
  <testcase name="verifycart" time="10.889" classname="com.myapp.myapp.Dresstest"/>
</testsuite> <!-- com.myapp.myapp.Dresstest -->
